CLIENT_HANDSHAKE_TRAFFIC_SECRET 4b5d7721ca90eb177153274b99bb0453e242f578d5f8be6eb38fb68ccc4ce64c 2f2a08ebefd77c806cae7778e975006fe3070c1e736dfab31852871b03151ad8
SERVER_HANDSHAKE_TRAFFIC_SECRET 4b5d7721ca90eb177153274b99bb0453e242f578d5f8be6eb38fb68ccc4ce64c 57dd8c57698467fa79aad1c554f5604e35dd2300ab3c1e9f75f42bf32059ea5d
CLIENT_TRAFFIC_SECRET_0 4b5d7721ca90eb177153274b99bb0453e242f578d5f8be6eb38fb68ccc4ce64c 940290bdb91f399cbb579e6fd3c2807352d49658b3926f56269c53f4747d7ffd
SERVER_TRAFFIC_SECRET_0 4b5d7721ca90eb177153274b99bb0453e242f578d5f8be6eb38fb68ccc4ce64c 2d7179f4cf1f7ae5466423065581018c5ee1f50992e93052e5619e004cd7f873
EXPORTER_SECRET 4b5d7721ca90eb177153274b99bb0453e242f578d5f8be6eb38fb68ccc4ce64c e6af2ebfd94de5c17a461f3a6bec1b8c20855bdbcf578e0159aece032dbd9261
CLIENT_HANDSHAKE_TRAFFIC_SECRET a5e701171dfdd3c5f58030d0be679c6aec5fe2ae418f01bdc5e0f679c99748a1 767f8b2d5bc49cfa6292f586283ca577522b61261f7d111924d4b5b34da1b42e17d8ea88c931179ab5de7f82b60ba50a
SERVER_HANDSHAKE_TRAFFIC_SECRET a5e701171dfdd3c5f58030d0be679c6aec5fe2ae418f01bdc5e0f679c99748a1 7d593f7a40339ad1ae2633ce97755f92490a329e61c47d1bea1fc543cdda134d629a85a0f179139d75fd1d65e944d1a6
CLIENT_TRAFFIC_SECRET_0 a5e701171dfdd3c5f58030d0be679c6aec5fe2ae418f01bdc5e0f679c99748a1 c9e3233e20eb5776e377567995d3c9857c16dc5008acded242198cfda9ce783878b25a7ed4201a6c722122e15a39617d
SERVER_TRAFFIC_SECRET_0 a5e701171dfdd3c5f58030d0be679c6aec5fe2ae418f01bdc5e0f679c99748a1 36b20a4b62ff9de98cbb94ca9b8011543bb8761ac4a9a5b7dd42d440804344ac7e38d4f8151ed114bc48d1c6b956feb4
EXPORTER_SECRET a5e701171dfdd3c5f58030d0be679c6aec5fe2ae418f01bdc5e0f679c99748a1 7759c87cac8fdf001d65684657116ce19df8beb924066bb170f3d45f8c3b2897efec7d4585548464041ba066d1dbd846
CLIENT_RANDOM 6302b898c2da9f1f9f47e0b8f8444e17b9c77343f73d7a4662e72702bcd91163 96d050d669f2e35853f0f00646b9d03ca70769403cdc5f428b1bccbe880e393fcef87b86ed4fb4c54adc7c583f1a00d3
CLIENT_HANDSHAKE_TRAFFIC_SECRET 97e7e7221c07b10cc371a3995f6f51402928c024751253f14b19651cc4d4f621 74bd41171be721cae8b83cee351349ed0e9b045d2dad341d9115be62a99e8c83
SERVER_HANDSHAKE_TRAFFIC_SECRET 97e7e7221c07b10cc371a3995f6f51402928c024751253f14b19651cc4d4f621 3a3fdf9e03839e54dee7f1854aaeafb44cf300b2e16d06eea760c44a7d2e53ef
CLIENT_TRAFFIC_SECRET_0 97e7e7221c07b10cc371a3995f6f51402928c024751253f14b19651cc4d4f621 19ac1aa688600d7957efc39ccd1446aadfae6fcc9bd4f3df73b1b16cd53af867
SERVER_TRAFFIC_SECRET_0 97e7e7221c07b10cc371a3995f6f51402928c024751253f14b19651cc4d4f621 49df71e2d3e36349df40351766d84fbcf70ba01f9fa43aeea326fbc5438660d1
EXPORTER_SECRET 97e7e7221c07b10cc371a3995f6f51402928c024751253f14b19651cc4d4f621 e1a6bd813a3082ace69d9404ca579dac1ad2a30d9d9bdfc31795d0f5f6bebcb1
CLIENT_HANDSHAKE_TRAFFIC_SECRET 07c3fc9c4d7e6db1b92c46c6a454b8a26e2134807bfc795937afb0d88ead00ef 90185884803cbae240dfaa28cfe36305aee84176a3f5526ac1710f09e8deeeb3
SERVER_HANDSHAKE_TRAFFIC_SECRET 07c3fc9c4d7e6db1b92c46c6a454b8a26e2134807bfc795937afb0d88ead00ef c83e5076a82a9267e1dad0ad55bc86412a2dd93d2e2715e58151f65a46a55ad2
CLIENT_TRAFFIC_SECRET_0 07c3fc9c4d7e6db1b92c46c6a454b8a26e2134807bfc795937afb0d88ead00ef e9f30812e1e2bb60779ed37a11b25f475231c7cb8ed9c3aa4d77c9dd5f8f2758
SERVER_TRAFFIC_SECRET_0 07c3fc9c4d7e6db1b92c46c6a454b8a26e2134807bfc795937afb0d88ead00ef b21427df542616a0e2c64fe14659e27994c994ced7ec6e8972df18f5bc99d2e0
EXPORTER_SECRET 07c3fc9c4d7e6db1b92c46c6a454b8a26e2134807bfc795937afb0d88ead00ef 2ae331a391f1919a7583cb83e0464a0088e0fe44a0d4c1df8c06f9f98e5b924a
CLIENT_HANDSHAKE_TRAFFIC_SECRET 7dca84838b4b130d44d0dcbfa370702a3c2269f86b04a5bc019d8c6112603d76 5d1317538cd8944cc0dd1808eae20c63f73c6caa7f6f1e8b26c3aeb68073fd77
SERVER_HANDSHAKE_TRAFFIC_SECRET 7dca84838b4b130d44d0dcbfa370702a3c2269f86b04a5bc019d8c6112603d76 9b075f5d19d642ebe4be370af719ee19f244738cd9db4e1328020664288ec237
CLIENT_TRAFFIC_SECRET_0 7dca84838b4b130d44d0dcbfa370702a3c2269f86b04a5bc019d8c6112603d76 06461a3077757cd41734e56a714df9d4d72d5b7be53bf06d83766134da1f9272
SERVER_TRAFFIC_SECRET_0 7dca84838b4b130d44d0dcbfa370702a3c2269f86b04a5bc019d8c6112603d76 d4e7b3c2d9c22bdaebd2ca633143c831e999d0dd727405707de4e25ab8fad2aa
EXPORTER_SECRET 7dca84838b4b130d44d0dcbfa370702a3c2269f86b04a5bc019d8c6112603d76 4ff1347e5b22718fffe02674cf3fdd834a5a0a147d80beac5802ef92d3466215
CLIENT_EARLY_TRAFFIC_SECRET 1193eda76f2b5f1bb3037fab2e7f3fe2468b46f8b6bfcd5097600e4a91e5617e 792e2e62e6ba5b8545d80e03d63d9c2662c0879db2fc01f63125b956469d25dd
CLIENT_HANDSHAKE_TRAFFIC_SECRET 1193eda76f2b5f1bb3037fab2e7f3fe2468b46f8b6bfcd5097600e4a91e5617e 8c466120d5fe06ffee2239e0738db1a69ca41330a670e1940e80ed77c9ceb88f
SERVER_HANDSHAKE_TRAFFIC_SECRET 1193eda76f2b5f1bb3037fab2e7f3fe2468b46f8b6bfcd5097600e4a91e5617e ad0e71d0de215c37b854f592ea40a8dacaae4da6fe590d5a1053e179af5a7101
CLIENT_TRAFFIC_SECRET_0 1193eda76f2b5f1bb3037fab2e7f3fe2468b46f8b6bfcd5097600e4a91e5617e c75e33fa4c467f67b090338aa0d594bc14b97bc61c769011ece1da826d4302b2
SERVER_TRAFFIC_SECRET_0 1193eda76f2b5f1bb3037fab2e7f3fe2468b46f8b6bfcd5097600e4a91e5617e dd1f2bf90c250debb19fe858e345d2946a42d5abe254f7387eeb6f55dfbd0998
EXPORTER_SECRET 1193eda76f2b5f1bb3037fab2e7f3fe2468b46f8b6bfcd5097600e4a91e5617e 66f5f17de6ff1a7863b651a1b9f0fc61706e31a986f62baadd5c082eb89037a4
CLIENT_RANDOM 6c7859264ad9d921f0794e6c7e27395c94b2ec7313b159d7e3e6ea44b565fbcf 701ad9cef28c20037ecaeee292c9d688b7ef3fe1260a6452e8f3ba9fd8bd8a7a1e732ce8a98f41dec86a1d0d47598d01
CLIENT_EARLY_TRAFFIC_SECRET afe38816801559be10cc5cfc7977a24a5ecd6ee4afc1df90331d48c71a33ad23 bbc74d77f7722a6c37eb9bdb69b602cfc5eb865b78a98277096bca56ef0a98c1
CLIENT_HANDSHAKE_TRAFFIC_SECRET afe38816801559be10cc5cfc7977a24a5ecd6ee4afc1df90331d48c71a33ad23 210be6e9fdc1f4db987bfd27f4b517a5d2b4c3260a97becef9d98bbf2830bbc1
SERVER_HANDSHAKE_TRAFFIC_SECRET afe38816801559be10cc5cfc7977a24a5ecd6ee4afc1df90331d48c71a33ad23 ba3efb3404e03eae31651a99a0f4e76984e559dfa06d631c9c7641c3e2de8560
CLIENT_TRAFFIC_SECRET_0 afe38816801559be10cc5cfc7977a24a5ecd6ee4afc1df90331d48c71a33ad23 82e1d78ded79557855e217a23ba15ce6e613b7a29e33e9996b47748a13f9cbd3
SERVER_TRAFFIC_SECRET_0 afe38816801559be10cc5cfc7977a24a5ecd6ee4afc1df90331d48c71a33ad23 64fce662a0bea00fa52c3d9b7f46779b614fb703513cdae64debf1dc71ae0a05
EXPORTER_SECRET afe38816801559be10cc5cfc7977a24a5ecd6ee4afc1df90331d48c71a33ad23 e091c067c52e3a017b5e8939309731c26aa453d13ec17f1ff72253a56dffe246
CLIENT_RANDOM 15c2349146caa730e358fb4a7e1ae5f3956d65660167c20bb33fe3198613aca8 96d050d669f2e35853f0f00646b9d03ca70769403cdc5f428b1bccbe880e393fcef87b86ed4fb4c54adc7c583f1a00d3
CLIENT_RANDOM e4dbff7836dd61bbe423f82ca5c05733d7f0dab96950a90e4826cd90ff9cd4a9 701ad9cef28c20037ecaeee292c9d688b7ef3fe1260a6452e8f3ba9fd8bd8a7a1e732ce8a98f41dec86a1d0d47598d01
CLIENT_EARLY_TRAFFIC_SECRET 17f05f1643b22f7989cf83a8c2354521b17a0fb1cdc1347cfd988f5b702af0ab f24218d26806e9d42281221d297a9045b31298f2dee58d0fb55102da5d8f3fbf
CLIENT_HANDSHAKE_TRAFFIC_SECRET 17f05f1643b22f7989cf83a8c2354521b17a0fb1cdc1347cfd988f5b702af0ab a131cf52e0bd284c814b916a81a248ff372a725fcbb3d3a79ce5c840953ead7c
SERVER_HANDSHAKE_TRAFFIC_SECRET 17f05f1643b22f7989cf83a8c2354521b17a0fb1cdc1347cfd988f5b702af0ab 47e4ed681f40ce8651e8e143ed22d96848132f35589f2e1c28e195890f18bb57
CLIENT_TRAFFIC_SECRET_0 17f05f1643b22f7989cf83a8c2354521b17a0fb1cdc1347cfd988f5b702af0ab 0338fde32a7ab489d83697344eb631874a9fc6b9e6e325266d145c3fa728348e
SERVER_TRAFFIC_SECRET_0 17f05f1643b22f7989cf83a8c2354521b17a0fb1cdc1347cfd988f5b702af0ab 211f69b9cc60722277f366f10ec13e3eafb2bbb4637270c60a5e1822d8771967
EXPORTER_SECRET 17f05f1643b22f7989cf83a8c2354521b17a0fb1cdc1347cfd988f5b702af0ab a19d753072dc6edd9a7c0e2c84e43374ffc20c70c6a1e6fad6feecbce4f6b762
CLIENT_EARLY_TRAFFIC_SECRET 32e5f2d76dae58cf964335648c105e5229904a75e9ed60d6111bf3dab5e2f882 add4e1b5b110dc265bb140f6c65d17d97cc90f11a8717032a8d4e37bc307276b
CLIENT_HANDSHAKE_TRAFFIC_SECRET 32e5f2d76dae58cf964335648c105e5229904a75e9ed60d6111bf3dab5e2f882 db1ee5c5f6b28dfa5eff4ae77e330f5f13fc9991b5a5d64fbe6c387e105afe98
SERVER_HANDSHAKE_TRAFFIC_SECRET 32e5f2d76dae58cf964335648c105e5229904a75e9ed60d6111bf3dab5e2f882 0ba5db311b1605aaca66c49b8235bb54ebb56f8c2c9e9053ac8b58c90bc4030a
CLIENT_TRAFFIC_SECRET_0 32e5f2d76dae58cf964335648c105e5229904a75e9ed60d6111bf3dab5e2f882 5738d76fdb34aeee6172308e77b6e896e48c908c63b3fce696f37bc6c65f4f2a
SERVER_TRAFFIC_SECRET_0 32e5f2d76dae58cf964335648c105e5229904a75e9ed60d6111bf3dab5e2f882 32eefbe7c6d68b8f9a585f7c7943a57851257631e8904635637b99528749b87f
EXPORTER_SECRET 32e5f2d76dae58cf964335648c105e5229904a75e9ed60d6111bf3dab5e2f882 885f68278022fb673431f79d1a21f2cebdf6dbd3cf35fd87cf62976fbdc351ab
CLIENT_EARLY_TRAFFIC_SECRET edf39b8b0264c0da9e49cd3f50fb4aca963860b1e855f37e68007cb521904a66 f5fc6f956d34bbcb04d2d8ceeb9d851ab9a7ef44d656290dac5be21e44563020
CLIENT_HANDSHAKE_TRAFFIC_SECRET edf39b8b0264c0da9e49cd3f50fb4aca963860b1e855f37e68007cb521904a66 b9f8f561b422ac1597ba8d7dc480997498447f59a4c99f888d99db47faf6893e
SERVER_HANDSHAKE_TRAFFIC_SECRET edf39b8b0264c0da9e49cd3f50fb4aca963860b1e855f37e68007cb521904a66 4d88e44e38abd72fda37900d287f5203d2af15ed5ee02af2870d5ab469575a2a
CLIENT_TRAFFIC_SECRET_0 edf39b8b0264c0da9e49cd3f50fb4aca963860b1e855f37e68007cb521904a66 b50ee5b0ded4190b36deee6167360c19bc27fb922b3dea63448aade6d17436de
SERVER_TRAFFIC_SECRET_0 edf39b8b0264c0da9e49cd3f50fb4aca963860b1e855f37e68007cb521904a66 958c8ca29950760ef4f5eec71c53e01a5f91775fc0e255c2fb1f109edd0f0f73
EXPORTER_SECRET edf39b8b0264c0da9e49cd3f50fb4aca963860b1e855f37e68007cb521904a66 6493bdcbbfddea4cbd725c2ca120caa6d334c247270d22870ef88d632d056eaa
CLIENT_EARLY_TRAFFIC_SECRET 005b192edb5ec85d51e6f60ac779c1f8246a94335f9bb6974cbc4677e489279b c3a0e2cf1a71c00fcb8d08dba1a6885b43e1baa709d88fab813a610b4357abd2
CLIENT_HANDSHAKE_TRAFFIC_SECRET 005b192edb5ec85d51e6f60ac779c1f8246a94335f9bb6974cbc4677e489279b f4bd9001a458db7112469c5c3048cd9bd238a255dc6eaf9e39ccac35a042cd2e
SERVER_HANDSHAKE_TRAFFIC_SECRET 005b192edb5ec85d51e6f60ac779c1f8246a94335f9bb6974cbc4677e489279b 65501090fc9df02c1ecd84fce4f9184e3ba84a97a70dbe7cf641e61096665f91
CLIENT_TRAFFIC_SECRET_0 005b192edb5ec85d51e6f60ac779c1f8246a94335f9bb6974cbc4677e489279b 32a9161df16b6156147f41477b064ab081e272851025a97e31d6ec4f5e144303
SERVER_TRAFFIC_SECRET_0 005b192edb5ec85d51e6f60ac779c1f8246a94335f9bb6974cbc4677e489279b 80f5a47431aa829d62c8ae185ea63d097882aa0f89a1dfa385ecd67299aa85ae
EXPORTER_SECRET 005b192edb5ec85d51e6f60ac779c1f8246a94335f9bb6974cbc4677e489279b 287a737d050605b2ed35db048241ebfa999b400e6e66738757501c05de7e128c
CLIENT_EARLY_TRAFFIC_SECRET 4ed7f9c17ddbf37c46bc686985b19314cc7a8a791ca08af4ec19c6daf2319cbb 7877030a820c559921fd197fe8fb46f68103ef69bb6e75bb02b8d8b259eac63c
CLIENT_HANDSHAKE_TRAFFIC_SECRET 4ed7f9c17ddbf37c46bc686985b19314cc7a8a791ca08af4ec19c6daf2319cbb b51084b9ce27dad86ff4107f7a27fa6e603430e25a999abef81cef582eb940c2
SERVER_HANDSHAKE_TRAFFIC_SECRET 4ed7f9c17ddbf37c46bc686985b19314cc7a8a791ca08af4ec19c6daf2319cbb 008fa351fcba68298314c9b03b107b26900b2fbe8d6af923362bcb3e8c134979
CLIENT_TRAFFIC_SECRET_0 4ed7f9c17ddbf37c46bc686985b19314cc7a8a791ca08af4ec19c6daf2319cbb 7e6e706b7c8ff8c93ed3511d155300bdb2fcf789f4acd1733e472760e8cf9ea3
SERVER_TRAFFIC_SECRET_0 4ed7f9c17ddbf37c46bc686985b19314cc7a8a791ca08af4ec19c6daf2319cbb 418a3948d9554e8d040c3750e4bfbceb235dbcc9944e2db928245f671b2e40cd
EXPORTER_SECRET 4ed7f9c17ddbf37c46bc686985b19314cc7a8a791ca08af4ec19c6daf2319cbb 95ec2662b9d69f85ee5aa2e2146413ddf98cb81dfd6b22a39bb2613c21cbf149
CLIENT_EARLY_TRAFFIC_SECRET 638f3a4ec8694b647afd116f7eadb4650c0b2573f17f0962fbd244a5ae54ffe6 149f9312ab5428135dda978da9393b8783ce8ee4a96474c2cf88fa00af5743b6
CLIENT_HANDSHAKE_TRAFFIC_SECRET 638f3a4ec8694b647afd116f7eadb4650c0b2573f17f0962fbd244a5ae54ffe6 5315408003e6bb7a7974a0b10ad2caac8f0d08c7e22f23d8ad84b3ce24996720
SERVER_HANDSHAKE_TRAFFIC_SECRET 638f3a4ec8694b647afd116f7eadb4650c0b2573f17f0962fbd244a5ae54ffe6 4d419357f903e5efb93f69995e01c10696373b325cccbdd2a4c8d7833de67b81
CLIENT_TRAFFIC_SECRET_0 638f3a4ec8694b647afd116f7eadb4650c0b2573f17f0962fbd244a5ae54ffe6 21d9dc6cb2a004f3cdd9650466c14b2c882efd67702715f89956ea3375791aa9
SERVER_TRAFFIC_SECRET_0 638f3a4ec8694b647afd116f7eadb4650c0b2573f17f0962fbd244a5ae54ffe6 c5c70f98e55874faa6b4141541a75970259d9a0f02b59542e74a0a2b10d42bcd
EXPORTER_SECRET 638f3a4ec8694b647afd116f7eadb4650c0b2573f17f0962fbd244a5ae54ffe6 3a24b1eeb7dba4d9a8f57c228cfc65423ca7da9ded3a3d86e3e6fcbd92a1b020
